# JRE version: Java(TM) SE Runtime Environment (8.0_201-b09) (build 1.8.0_201-b09)
# Java VM: Java HotSpot(TM) 64-Bit Server VM (25.201-b09 mixed mode bsd-amd64 compressed oops)
Heap:
 PSYoungGen      total 70656K, used 12570K [0x000000076ab00000, 0x000000076fd80000, 0x00000007c0000000)
  eden space 64000K, 9% used [0x000000076ab00000,0x000000076b0cb8b0,0x000000076e980000)
  from space 6656K, 99% used [0x000000076eb00000,0x000000076f17b288,0x000000076f180000)
  to   space 10240K, 0% used [0x000000076f380000,0x000000076f380000,0x000000076fd80000)
 ParOldGen       total 72704K, used 6878K [0x00000006c0000000, 0x00000006c4700000, 0x000000076ab00000)
  object space 72704K, 9% used [0x00000006c0000000,0x00000006c06b7b48,0x00000006c4700000)
 Metaspace       used 24520K, capacity 25648K, committed 25984K, reserved 1071104K
  class space    used 3363K, capacity 3623K, committed 3712K, reserved 1048576K
GC Heap History (10 events):
Event: 10.678 GC heap before
{Heap before GC invocations=2 (full 0):
 PSYoungGen      total 76288K, used 70417K [0x000000076ab00000, 0x0000000770000000, 0x00000007c0000000)
  eden space 65536K, 100% used [0x000000076ab00000,0x000000076eb00000,0x000000076eb00000)
  from space 10752K, 45% used [0x000000076eb00000,0x000000076efc4558,0x000000076f580000)
  to   space 10752K, 0% used [0x000000076f580000,0x000000076f580000,0x0000000770000000)
 ParOldGen       total 175104K, used 16K [0x00000006c0000000, 0x00000006cab00000, 0x000000076ab00000)
  object space 175104K, 0% used [0x00000006c0000000,0x00000006c0004000,0x00000006cab00000)
 Metaspace       used 18432K, capacity 18954K, committed 19072K, reserved 1064960K
  class space    used 2430K, capacity 2597K, committed 2688K, reserved 1048576K
Event: 10.687 GC heap after
Heap after GC invocations=2 (full 0):
 PSYoungGen      total 76288K, used 10398K [0x000000076ab00000, 0x0000000770000000, 0x00000007c0000000)
  eden space 65536K, 0% used [0x000000076ab00000,0x000000076ab00000,0x000000076eb00000)
  from space 10752K, 96% used [0x000000076f580000,0x000000076ffa7828,0x0000000770000000)
  to   space 10752K, 0% used [0x000000076eb00000,0x000000076eb00000,0x000000076f580000)
 ParOldGen       total 175104K, used 88K [0x00000006c0000000, 0x00000006cab00000, 0x000000076ab00000)
  object space 175104K, 0% used [0x00000006c0000000,0x00000006c0016010,0x00000006cab00000)
 Metaspace       used 18432K, capacity 18954K, committed 19072K, reserved 1064960K
  class space    used 2430K, capacity 2597K, committed 2688K, reserved 1048576K
}
Event: 20.845 GC heap before
{Heap before GC invocations=3 (full 0):
 PSYoungGen      total 76288K, used 30937K [0x000000076ab00000, 0x0000000770000000, 0x00000007c0000000)
  eden space 65536K, 31% used [0x000000076ab00000,0x000000076bf0ee30,0x000000076eb00000)
  from space 10752K, 96% used [0x000000076f580000,0x000000076ffa7828,0x0000000770000000)
  to   space 10752K, 0% used [0x000000076eb00000,0x000000076eb00000,0x000000076f580000)
 ParOldGen       total 175104K, used 88K [0x00000006c0000000, 0x00000006cab00000, 0x000000076ab00000)
  object space 175104K, 0% used [0x00000006c0000000,0x00000006c0016010,0x00000006cab00000)
 Metaspace       used 20637K, capacity 21222K, committed 21296K, reserved 1067008K
  class space    used 2736K, capacity 2919K, committed 2944K, reserved 1048576K
Event: 20.851 GC heap after
Heap after GC invocations=3 (full 0):
 PSYoungGen      total 76288K, used 7096K [0x000000076ab00000, 0x0000000770000000, 0x00000007c0000000)
  eden space 65536K, 0% used [0x000000076ab00000,0x000000076ab00000,0x000000076eb00000)
  from space 10752K, 66% used [0x000000076eb00000,0x000000076f1ee308,0x000000076f580000)
  to   space 10752K, 0% used [0x000000076f580000,0x000000076f580000,0x0000000770000000)
 ParOldGen       total 175104K, used 96K [0x00000006c0000000, 0x00000006cab00000, 0x000000076ab00000)
  object space 175104K, 0% used [0x00000006c0000000,0x00000006c0018010,0x00000006cab00000)
 Metaspace       used 20637K, capacity 21222K, committed 21296K, reserved 1067008K
  class space    used 2736K, capacity 2919K, committed 2944K, reserved 1048576K
}
Event: 20.851 GC heap before
{Heap before GC invocations=4 (full 1):
 PSYoungGen      total 76288K, used 7096K [0x000000076ab00000, 0x0000000770000000, 0x00000007c0000000)
  eden space 65536K, 0% used [0x000000076ab00000,0x000000076ab00000,0x000000076eb00000)
  from space 10752K, 66% used [0x000000076eb00000,0x000000076f1ee308,0x000000076f580000)
  to   space 10752K, 0% used [0x000000076f580000,0x000000076f580000,0x0000000770000000)
 ParOldGen       total 175104K, used 96K [0x00000006c0000000, 0x00000006cab00000, 0x000000076ab00000)
  object space 175104K, 0% used [0x00000006c0000000,0x00000006c0018010,0x00000006cab00000)
 Metaspace       used 20637K, capacity 21222K, committed 21296K, reserved 1067008K
  class space    used 2736K, capacity 2919K, committed 2944K, reserved 1048576K
Event: 20.878 GC heap after
Heap after GC invocations=4 (full 1):
 PSYoungGen      total 76288K, used 0K [0x000000076ab00000, 0x0000000770000000, 0x00000007c0000000)
  eden space 65536K, 0% used [0x000000076ab00000,0x000000076ab00000,0x000000076eb00000)
  from space 10752K, 0% used [0x000000076eb00000,0x000000076eb00000,0x000000076f580000)
  to   space 10752K, 0% used [0x000000076f580000,0x000000076f580000,0x0000000770000000)
 ParOldGen       total 72704K, used 6862K [0x00000006c0000000, 0x00000006c4700000, 0x000000076ab00000)
  object space 72704K, 9% used [0x00000006c0000000,0x00000006c06b3b48,0x00000006c4700000)
 Metaspace       used 20635K, capacity 21216K, committed 21296K, reserved 1067008K
  class space    used 2736K, capacity 2918K, committed 2944K, reserved 1048576K
}
Event: 21.097 GC heap before
{Heap before GC invocations=5 (full 1):
 PSYoungGen      total 76288K, used 65536K [0x000000076ab00000, 0x0000000770000000, 0x00000007c0000000)
  eden space 65536K, 100% used [0x000000076ab00000,0x000000076eb00000,0x000000076eb00000)
  from space 10752K, 0% used [0x000000076eb00000,0x000000076eb00000,0x000000076f580000)
  to   space 10752K, 0% used [0x000000076f580000,0x000000076f580000,0x0000000770000000)
 ParOldGen       total 72704K, used 6862K [0x00000006c0000000, 0x00000006c4700000, 0x000000076ab00000)
  object space 72704K, 9% used [0x00000006c0000000,0x00000006c06b3b48,0x00000006c4700000)
 Metaspace       used 22010K, capacity 22682K, committed 22912K, reserved 1069056K
  class space    used 2942K, capacity 3123K, committed 3200K, reserved 1048576K
Event: 21.100 GC heap after
Heap after GC invocations=5 (full 1):
 PSYoungGen      total 76288K, used 3681K [0x000000076ab00000, 0x0000000770000000, 0x00000007c0000000)
  eden space 65536K, 0% used [0x000000076ab00000,0x000000076ab00000,0x000000076eb00000)
  from space 10752K, 34% used [0x000000076f580000,0x000000076f918580,0x0000000770000000)
  to   space 10752K, 0% used [0x000000076eb00000,0x000000076eb00000,0x000000076f580000)
 ParOldGen       total 72704K, used 6870K [0x00000006c0000000, 0x00000006c4700000, 0x000000076ab00000)
  object space 72704K, 9% used [0x00000006c0000000,0x00000006c06b5b48,0x00000006c4700000)
 Metaspace       used 22010K, capacity 22682K, committed 22912K, reserved 1069056K
  class space    used 2942K, capacity 3123K, committed 3200K, reserved 1048576K
}
Event: 21.400 GC heap before
{Heap before GC invocations=6 (full 1):
 PSYoungGen      total 76288K, used 69217K [0x000000076ab00000, 0x0000000770000000, 0x00000007c0000000)
  eden space 65536K, 100% used [0x000000076ab00000,0x000000076eb00000,0x000000076eb00000)
  from space 10752K, 34% used [0x000000076f580000,0x000000076f918580,0x0000000770000000)
  to   space 10752K, 0% used [0x000000076eb00000,0x000000076eb00000,0x000000076f580000)
 ParOldGen       total 72704K, used 6870K [0x00000006c0000000, 0x00000006c4700000, 0x000000076ab00000)
  object space 72704K, 9% used [0x00000006c0000000,0x00000006c06b5b48,0x00000006c4700000)
 Metaspace       used 24248K, capacity 25304K, committed 25344K, reserved 1071104K
  class space    used 3319K, capacity 3555K, committed 3584K, reserved 1048576K
Event: 21.404 GC heap after
Heap after GC invocations=6 (full 1):
 PSYoungGen      total 70656K, used 6636K [0x000000076ab00000, 0x000000076fd80000, 0x00000007c0000000)
  eden space 64000K, 0% used [0x000000076ab00000,0x000000076ab00000,0x000000076e980000)
  from space 6656K, 99% used [0x000000076eb00000,0x000000076f17b288,0x000000076f180000)
  to   space 10240K, 0% used [0x000000076f380000,0x000000076f380000,0x000000076fd80000)
 ParOldGen       total 72704K, used 6878K [0x00000006c0000000, 0x00000006c4700000, 0x000000076ab00000)
  object space 72704K, 9% used [0x00000006c0000000,0x00000006c06b7b48,0x00000006c4700000)
 Metaspace       used 24248K, capacity 25304K, committed 25344K, reserved 1071104K
  class space    used 3319K, capacity 3555K, committed 3584K, reserved 1048576K
}

